<?xml version="1.0" encoding="utf-8" standalone="no"?>
<test-run id="0" runstate="Runnable" testcasecount="45" result="Passed" total="45" passed="45" failed="0" warnings="0" inconclusive="0" skipped="0" asserts="93" engine-version="3.16.3.0" clr-version="4.0.30319.42000" start-time="2026-01-09 19:39:03Z" end-time="2026-01-09 19:39:03Z" duration="0.672258">
  <command-line><![CDATA[/home/runner/work/DBTools_SQL/DBTools_SQL/packages/NUnit.ConsoleRunner.3.16.3/tools/nunit3-console.exe ./TestDBTools/bin/Debug/TestDBTools.dll --result=TestResults.xml]]></command-line>
  <test-suite type="Assembly" id="1-1048" name="TestDBTools.dll" fullname="/home/runner/work/DBTools_SQL/DBTools_SQL/TestDBTools/bin/Debug/TestDBTools.dll" runstate="Runnable" testcasecount="45" result="Passed" start-time="2026-01-09T19:39:03.6913610Z" end-time="2026-01-09T19:39:03.8192860Z" duration="0.127734" total="45" passed="45" failed="0" warnings="0" inconclusive="0" skipped="0" asserts="93">
    <environment framework-version="3.13.2.0" clr-version="4.0.30319.42000" os-version="Unix 6.11.0.1018" platform="Unix" cwd="/home/runner/work/DBTools_SQL/DBTools_SQL" machine-name="runnervmi13qx" user="runner" user-domain="runnervmi13qx" culture="" uiculture="" os-architecture="x64" />
    <settings>
      <setting name="DisposeRunners" value="True" />
      <setting name="WorkDirectory" value="/home/runner/work/DBTools_SQL/DBTools_SQL" />
      <setting name="ImageRuntimeVersion" value="4.0.30319" />
      <setting name="ImageTargetFrameworkName" value=".NETFramework,Version=v4.5" />
      <setting name="ImageRequiresX86" value="False" />
      <setting name="ImageRequiresDefaultAppDomainAssemblyResolver" value="False" />
      <setting name="TargetRuntimeFramework" value="net-4.5" />
      <setting name="NumberOfTestWorkers" value="2" />
    </settings>
    <properties>
      <property name="_PID" value="7376" />
      <property name="_APPDOMAIN" value="domain-" />
    </properties>
    <test-suite type="TestSuite" id="1-1049" name="TestDBTools" fullname="TestDBTools" runstate="Runnable" testcasecount="45" result="Passed" start-time="2026-01-09T19:39:03.7013430Z" end-time="2026-01-09T19:39:03.8192750Z" duration="0.117932" total="45" passed="45" failed="0" warnings="0" inconclusive="0" skipped="0" asserts="93">
      <test-suite type="TestFixture" id="1-1020" name="DataExportTests" fullname="TestDBTools.DataExportTests" classname="TestDBTools.DataExportTests" runstate="Runnable" testcasecount="12" result="Passed" start-time="2026-01-09T19:39:03.7027410Z" end-time="2026-01-09T19:39:03.7907280Z" duration="0.087987" total="12" passed="12" failed="0" warnings="0" inconclusive="0" skipped="0" asserts="32">
        <test-case id="1-1026" name="ToCsv_WithBackslash_ReplacesWithForwardSlash" fullname="TestDBTools.DataExportTests.ToCsv_WithBackslash_ReplacesWithForwardSlash" methodname="ToCsv_WithBackslash_ReplacesWithForwardSlash" classname="TestDBTools.DataExportTests" runstate="Runnable" seed="245390222" result="Passed" start-time="2026-01-09T19:39:03.7056140Z" end-time="2026-01-09T19:39:03.7395480Z" duration="0.034041" asserts="2" />
        <test-case id="1-1024" name="ToCsv_WithCustomSeparator_UsesCorrectSeparator" fullname="TestDBTools.DataExportTests.ToCsv_WithCustomSeparator_UsesCorrectSeparator" methodname="ToCsv_WithCustomSeparator_UsesCorrectSeparator" classname="TestDBTools.DataExportTests" runstate="Runnable" seed="1184520156" result="Passed" start-time="2026-01-09T19:39:03.7423220Z" end-time="2026-01-09T19:39:03.7429630Z" duration="0.000641" asserts="3" />
        <test-case id="1-1025" name="ToCsv_WithDBNullValue_HandlesNull" fullname="TestDBTools.DataExportTests.ToCsv_WithDBNullValue_HandlesNull" methodname="ToCsv_WithDBNullValue_HandlesNull" classname="TestDBTools.DataExportTests" runstate="Runnable" seed="741468172" result="Passed" start-time="2026-01-09T19:39:03.7429790Z" end-time="2026-01-09T19:39:03.7443930Z" duration="0.001415" asserts="2" />
        <test-case id="1-1027" name="ToCsv_WithNewLine_RemovesNewLine" fullname="TestDBTools.DataExportTests.ToCsv_WithNewLine_RemovesNewLine" methodname="ToCsv_WithNewLine_RemovesNewLine" classname="TestDBTools.DataExportTests" runstate="Runnable" seed="65555275" result="Passed" start-time="2026-01-09T19:39:03.7444090Z" end-time="2026-01-09T19:39:03.7456430Z" duration="0.001234" asserts="2" />
        <test-case id="1-1022" name="ToCsv_WithoutColumnHeaders_DoesNotIncludeColumns" fullname="TestDBTools.DataExportTests.ToCsv_WithoutColumnHeaders_DoesNotIncludeColumns" methodname="ToCsv_WithoutColumnHeaders_DoesNotIncludeColumns" classname="TestDBTools.DataExportTests" runstate="Runnable" seed="1469717393" result="Passed" start-time="2026-01-09T19:39:03.7456590Z" end-time="2026-01-09T19:39:03.7472090Z" duration="0.001550" asserts="3" />
        <test-case id="1-1023" name="ToCsv_WithoutTypeHeaders_DoesNotIncludeTypes" fullname="TestDBTools.DataExportTests.ToCsv_WithoutTypeHeaders_DoesNotIncludeTypes" methodname="ToCsv_WithoutTypeHeaders_DoesNotIncludeTypes" classname="TestDBTools.DataExportTests" runstate="Runnable" seed="1282135780" result="Passed" start-time="2026-01-09T19:39:03.7472230Z" end-time="2026-01-09T19:39:03.7476480Z" duration="0.000425" asserts="3" />
        <test-case id="1-1021" name="ToCsv_WithValidData_GeneratesCorrectCsv" fullname="TestDBTools.DataExportTests.ToCsv_WithValidData_GeneratesCorrectCsv" methodname="ToCsv_WithValidData_GeneratesCorrectCsv" classname="TestDBTools.DataExportTests" runstate="Runnable" seed="1517703041" result="Passed" start-time="2026-01-09T19:39:03.7476610Z" end-time="2026-01-09T19:39:03.7482720Z" duration="0.000611" asserts="4" />
        <test-case id="1-1029" name="ToDataTable_WithCustomSeparator_ParsesCorrectly" fullname="TestDBTools.DataExportTests.ToDataTable_WithCustomSeparator_ParsesCorrectly" methodname="ToDataTable_WithCustomSeparator_ParsesCorrectly" classname="TestDBTools.DataExportTests" runstate="Runnable" seed="1262828978" result="Passed" start-time="2026-01-09T19:39:03.7482850Z" end-time="2026-01-09T19:39:03.7816560Z" duration="0.033372" asserts="2" />
        <test-case id="1-1032" name="ToDataTable_WithEmptyLines_HandlesGracefully" fullname="TestDBTools.DataExportTests.ToDataTable_WithEmptyLines_HandlesGracefully" methodname="ToDataTable_WithEmptyLines_HandlesGracefully" classname="TestDBTools.DataExportTests" runstate="Runnable" seed="2129781762" result="Passed" start-time="2026-01-09T19:39:03.7816900Z" end-time="2026-01-09T19:39:03.7820640Z" duration="0.000375" asserts="2" />
        <test-case id="1-1031" name="ToDataTable_WithNullCsv_HandlesGracefully" fullname="TestDBTools.DataExportTests.ToDataTable_WithNullCsv_HandlesGracefully" methodname="ToDataTable_WithNullCsv_HandlesGracefully" classname="TestDBTools.DataExportTests" runstate="Runnable" seed="1274545156" result="Passed" start-time="2026-01-09T19:39:03.7820790Z" end-time="2026-01-09T19:39:03.7873750Z" duration="0.005296" asserts="1" />
        <test-case id="1-1030" name="ToDataTable_WithTypeSpecification_UsesTypes" fullname="TestDBTools.DataExportTests.ToDataTable_WithTypeSpecification_UsesTypes" methodname="ToDataTable_WithTypeSpecification_UsesTypes" classname="TestDBTools.DataExportTests" runstate="Runnable" seed="462086225" result="Passed" start-time="2026-01-09T19:39:03.7874020Z" end-time="2026-01-09T19:39:03.7879300Z" duration="0.000528" asserts="3" />
        <test-case id="1-1028" name="ToDataTable_WithValidCsv_CreatesCorrectDataTable" fullname="TestDBTools.DataExportTests.ToDataTable_WithValidCsv_CreatesCorrectDataTable" methodname="ToDataTable_WithValidCsv_CreatesCorrectDataTable" classname="TestDBTools.DataExportTests" runstate="Runnable" seed="2039449170" result="Passed" start-time="2026-01-09T19:39:03.7879450Z" end-time="2026-01-09T19:39:03.7883650Z" duration="0.000420" asserts="5" />
      </test-suite>
      <test-suite type="TestFixture" id="1-1033" name="ModelTests" fullname="TestDBTools.ModelTests" classname="TestDBTools.ModelTests" runstate="Runnable" testcasecount="14" result="Passed" start-time="2026-01-09T19:39:03.7932020Z" end-time="2026-01-09T19:39:03.7976160Z" duration="0.004414" total="14" passed="14" failed="0" warnings="0" inconclusive="0" skipped="0" asserts="32">
        <test-case id="1-1034" name="GenericObject_DefaultConstructor_InitializesSuccessfully" fullname="TestDBTools.ModelTests.GenericObject_DefaultConstructor_InitializesSuccessfully" methodname="GenericObject_DefaultConstructor_InitializesSuccessfully" classname="TestDBTools.ModelTests" runstate="Runnable" seed="133737492" result="Passed" start-time="2026-01-09T19:39:03.7933170Z" end-time="2026-01-09T19:39:03.7938210Z" duration="0.000504" asserts="1" />
        <test-case id="1-1040" name="GenericObject_SetAllProperties_StoresAllCorrectly" fullname="TestDBTools.ModelTests.GenericObject_SetAllProperties_StoresAllCorrectly" methodname="GenericObject_SetAllProperties_StoresAllCorrectly" classname="TestDBTools.ModelTests" runstate="Runnable" seed="1037849417" result="Passed" start-time="2026-01-09T19:39:03.7938360Z" end-time="2026-01-09T19:39:03.7943450Z" duration="0.000510" asserts="5" />
        <test-case id="1-1035" name="GenericObject_SetColumns_StoresCorrectly" fullname="TestDBTools.ModelTests.GenericObject_SetColumns_StoresCorrectly" methodname="GenericObject_SetColumns_StoresCorrectly" classname="TestDBTools.ModelTests" runstate="Runnable" seed="77378199" result="Passed" start-time="2026-01-09T19:39:03.7943600Z" end-time="2026-01-09T19:39:03.7946430Z" duration="0.000283" asserts="2" />
        <test-case id="1-1039" name="GenericObject_SetTable_StoresCorrectly" fullname="TestDBTools.ModelTests.GenericObject_SetTable_StoresCorrectly" methodname="GenericObject_SetTable_StoresCorrectly" classname="TestDBTools.ModelTests" runstate="Runnable" seed="568967975" result="Passed" start-time="2026-01-09T19:39:03.7946580Z" end-time="2026-01-09T19:39:03.7948620Z" duration="0.000204" asserts="1" />
        <test-case id="1-1038" name="GenericObject_SetTypes_StoresCorrectly" fullname="TestDBTools.ModelTests.GenericObject_SetTypes_StoresCorrectly" methodname="GenericObject_SetTypes_StoresCorrectly" classname="TestDBTools.ModelTests" runstate="Runnable" seed="781441362" result="Passed" start-time="2026-01-09T19:39:03.7948760Z" end-time="2026-01-09T19:39:03.7951350Z" duration="0.000260" asserts="2" />
        <test-case id="1-1036" name="GenericObject_SetValues_StoresCorrectly" fullname="TestDBTools.ModelTests.GenericObject_SetValues_StoresCorrectly" methodname="GenericObject_SetValues_StoresCorrectly" classname="TestDBTools.ModelTests" runstate="Runnable" seed="1727504308" result="Passed" start-time="2026-01-09T19:39:03.7951520Z" end-time="2026-01-09T19:39:03.7954420Z" duration="0.000291" asserts="2" />
        <test-case id="1-1037" name="GenericObject_SetValuesString_StoresCorrectly" fullname="TestDBTools.ModelTests.GenericObject_SetValuesString_StoresCorrectly" methodname="GenericObject_SetValuesString_StoresCorrectly" classname="TestDBTools.ModelTests" runstate="Runnable" seed="406085921" result="Passed" start-time="2026-01-09T19:39:03.7954570Z" end-time="2026-01-09T19:39:03.7957010Z" duration="0.000244" asserts="2" />
        <test-case id="1-1047" name="GenericObject_Simple_DefaultConstructor_InitializesSuccessfully" fullname="TestDBTools.ModelTests.GenericObject_Simple_DefaultConstructor_InitializesSuccessfully" methodname="GenericObject_Simple_DefaultConstructor_InitializesSuccessfully" classname="TestDBTools.ModelTests" runstate="Runnable" seed="952750286" result="Passed" start-time="2026-01-09T19:39:03.7957150Z" end-time="2026-01-09T19:39:03.7961230Z" duration="0.000408" asserts="4" />
        <test-case id="1-1044" name="GenericObject_Simple_SetAllProperties_StoresAllCorrectly" fullname="TestDBTools.ModelTests.GenericObject_Simple_SetAllProperties_StoresAllCorrectly" methodname="GenericObject_Simple_SetAllProperties_StoresAllCorrectly" classname="TestDBTools.ModelTests" runstate="Runnable" seed="171281956" result="Passed" start-time="2026-01-09T19:39:03.7961380Z" end-time="2026-01-09T19:39:03.7964350Z" duration="0.000296" asserts="3" />
        <test-case id="1-1041" name="GenericObject_Simple_SetColumn_StoresCorrectly" fullname="TestDBTools.ModelTests.GenericObject_Simple_SetColumn_StoresCorrectly" methodname="GenericObject_Simple_SetColumn_StoresCorrectly" classname="TestDBTools.ModelTests" runstate="Runnable" seed="1766483961" result="Passed" start-time="2026-01-09T19:39:03.7964500Z" end-time="2026-01-09T19:39:03.7966080Z" duration="0.000158" asserts="1" />
        <test-case id="1-1043" name="GenericObject_Simple_SetType_StoresCorrectly" fullname="TestDBTools.ModelTests.GenericObject_Simple_SetType_StoresCorrectly" methodname="GenericObject_Simple_SetType_StoresCorrectly" classname="TestDBTools.ModelTests" runstate="Runnable" seed="1469570546" result="Passed" start-time="2026-01-09T19:39:03.7966220Z" end-time="2026-01-09T19:39:03.7968000Z" duration="0.000178" asserts="1" />
        <test-case id="1-1042" name="GenericObject_Simple_SetValue_StoresCorrectly" fullname="TestDBTools.ModelTests.GenericObject_Simple_SetValue_StoresCorrectly" methodname="GenericObject_Simple_SetValue_StoresCorrectly" classname="TestDBTools.ModelTests" runstate="Runnable" seed="232161454" result="Passed" start-time="2026-01-09T19:39:03.7968140Z" end-time="2026-01-09T19:39:03.7969760Z" duration="0.000162" asserts="1" />
        <test-case id="1-1045" name="GenericObject_Simple_WithNullValue_HandlesCorrectly" fullname="TestDBTools.ModelTests.GenericObject_Simple_WithNullValue_HandlesCorrectly" methodname="GenericObject_Simple_WithNullValue_HandlesCorrectly" classname="TestDBTools.ModelTests" runstate="Runnable" seed="219445174" result="Passed" start-time="2026-01-09T19:39:03.7969900Z" end-time="2026-01-09T19:39:03.7972530Z" duration="0.000264" asserts="3" />
        <test-case id="1-1046" name="GenericObject_WithNullArrays_HandlesCorrectly" fullname="TestDBTools.ModelTests.GenericObject_WithNullArrays_HandlesCorrectly" methodname="GenericObject_WithNullArrays_HandlesCorrectly" classname="TestDBTools.ModelTests" runstate="Runnable" seed="379073341" result="Passed" start-time="2026-01-09T19:39:03.7972670Z" end-time="2026-01-09T19:39:03.7975900Z" duration="0.000323" asserts="4" />
      </test-suite>
      <test-suite type="TestFixture" id="1-1000" name="UtilsTests" fullname="TestDBTools.UtilsTests" classname="TestDBTools.UtilsTests" runstate="Runnable" testcasecount="19" result="Passed" start-time="2026-01-09T19:39:03.7976430Z" end-time="2026-01-09T19:39:03.8192580Z" duration="0.021615" total="19" passed="19" failed="0" warnings="0" inconclusive="0" skipped="0" asserts="29">
        <test-case id="1-1017" name="Delete_Query_WithInvalidTableName_ThrowsArgumentException" fullname="TestDBTools.UtilsTests.Delete_Query_WithInvalidTableName_ThrowsArgumentException" methodname="Delete_Query_WithInvalidTableName_ThrowsArgumentException" classname="TestDBTools.UtilsTests" runstate="Runnable" seed="1204089861" result="Passed" start-time="2026-01-09T19:39:03.7977400Z" end-time="2026-01-09T19:39:03.8082710Z" duration="0.010531" asserts="1" />
        <test-case id="1-1016" name="Delete_Query_WithoutCondition_ThrowsArgumentException" fullname="TestDBTools.UtilsTests.Delete_Query_WithoutCondition_ThrowsArgumentException" methodname="Delete_Query_WithoutCondition_ThrowsArgumentException" classname="TestDBTools.UtilsTests" runstate="Runnable" seed="1228476450" result="Passed" start-time="2026-01-09T19:39:03.8082980Z" end-time="2026-01-09T19:39:03.8089500Z" duration="0.000653" asserts="1" />
        <test-case id="1-1015" name="Delete_Query_WithValidCondition_GeneratesCorrectQuery" fullname="TestDBTools.UtilsTests.Delete_Query_WithValidCondition_GeneratesCorrectQuery" methodname="Delete_Query_WithValidCondition_GeneratesCorrectQuery" classname="TestDBTools.UtilsTests" runstate="Runnable" seed="333468238" result="Passed" start-time="2026-01-09T19:39:03.8089660Z" end-time="2026-01-09T19:39:03.8092090Z" duration="0.000243" asserts="1" />
        <test-case id="1-1018" name="Insert_Query_WithCommaInDecimal_ReplacesWithDot" fullname="TestDBTools.UtilsTests.Insert_Query_WithCommaInDecimal_ReplacesWithDot" methodname="Insert_Query_WithCommaInDecimal_ReplacesWithDot" classname="TestDBTools.UtilsTests" runstate="Runnable" seed="1480817716" result="Passed" start-time="2026-01-09T19:39:03.8092240Z" end-time="2026-01-09T19:39:03.8135210Z" duration="0.004297" asserts="2" />
        <test-case id="1-1007" name="Insert_Query_WithEmptyValue_GeneratesQueryWithNull" fullname="TestDBTools.UtilsTests.Insert_Query_WithEmptyValue_GeneratesQueryWithNull" methodname="Insert_Query_WithEmptyValue_GeneratesQueryWithNull" classname="TestDBTools.UtilsTests" runstate="Runnable" seed="415637064" result="Passed" start-time="2026-01-09T19:39:03.8135380Z" end-time="2026-01-09T19:39:03.8142810Z" duration="0.000743" asserts="1" />
        <test-case id="1-1010" name="Insert_Query_WithInvalidTableName_ThrowsArgumentException" fullname="TestDBTools.UtilsTests.Insert_Query_WithInvalidTableName_ThrowsArgumentException" methodname="Insert_Query_WithInvalidTableName_ThrowsArgumentException" classname="TestDBTools.UtilsTests" runstate="Runnable" seed="907323293" result="Passed" start-time="2026-01-09T19:39:03.8142970Z" end-time="2026-01-09T19:39:03.8145870Z" duration="0.000290" asserts="1" />
        <test-case id="1-1011" name="Insert_Query_WithMismatchedArrayLengths_ThrowsArgumentException" fullname="TestDBTools.UtilsTests.Insert_Query_WithMismatchedArrayLengths_ThrowsArgumentException" methodname="Insert_Query_WithMismatchedArrayLengths_ThrowsArgumentException" classname="TestDBTools.UtilsTests" runstate="Runnable" seed="383308395" result="Passed" start-time="2026-01-09T19:39:03.8146020Z" end-time="2026-01-09T19:39:03.8149640Z" duration="0.000363" asserts="1" />
        <test-case id="1-1006" name="Insert_Query_WithNullValue_GeneratesQueryWithNull" fullname="TestDBTools.UtilsTests.Insert_Query_WithNullValue_GeneratesQueryWithNull" methodname="Insert_Query_WithNullValue_GeneratesQueryWithNull" classname="TestDBTools.UtilsTests" runstate="Runnable" seed="968552277" result="Passed" start-time="2026-01-09T19:39:03.8149790Z" end-time="2026-01-09T19:39:03.8151540Z" duration="0.000175" asserts="1" />
        <test-case id="1-1008" name="Insert_Query_WithNumericValue_DoesNotAddQuotes" fullname="TestDBTools.UtilsTests.Insert_Query_WithNumericValue_DoesNotAddQuotes" methodname="Insert_Query_WithNumericValue_DoesNotAddQuotes" classname="TestDBTools.UtilsTests" runstate="Runnable" seed="986911614" result="Passed" start-time="2026-01-09T19:39:03.8151680Z" end-time="2026-01-09T19:39:03.8154850Z" duration="0.000317" asserts="2" />
        <test-case id="1-1009" name="Insert_Query_WithSingleQuoteInValue_EscapesQuote" fullname="TestDBTools.UtilsTests.Insert_Query_WithSingleQuoteInValue_EscapesQuote" methodname="Insert_Query_WithSingleQuoteInValue_EscapesQuote" classname="TestDBTools.UtilsTests" runstate="Runnable" seed="1708330074" result="Passed" start-time="2026-01-09T19:39:03.8155010Z" end-time="2026-01-09T19:39:03.8156710Z" duration="0.000171" asserts="1" />
        <test-case id="1-1005" name="Insert_Query_WithValidData_GeneratesCorrectQuery" fullname="TestDBTools.UtilsTests.Insert_Query_WithValidData_GeneratesCorrectQuery" methodname="Insert_Query_WithValidData_GeneratesCorrectQuery" classname="TestDBTools.UtilsTests" runstate="Runnable" seed="763397950" result="Passed" start-time="2026-01-09T19:39:03.8156850Z" end-time="2026-01-09T19:39:03.8162530Z" duration="0.000567" asserts="4" />
        <test-case id="1-1001" name="Select_Query_WithConditions_GeneratesCorrectQuery" fullname="TestDBTools.UtilsTests.Select_Query_WithConditions_GeneratesCorrectQuery" methodname="Select_Query_WithConditions_GeneratesCorrectQuery" classname="TestDBTools.UtilsTests" runstate="Runnable" seed="649727419" result="Passed" start-time="2026-01-09T19:39:03.8162680Z" end-time="2026-01-09T19:39:03.8165700Z" duration="0.000302" asserts="1" />
        <test-case id="1-1004" name="Select_Query_WithInvalidFieldName_ThrowsArgumentException" fullname="TestDBTools.UtilsTests.Select_Query_WithInvalidFieldName_ThrowsArgumentException" methodname="Select_Query_WithInvalidFieldName_ThrowsArgumentException" classname="TestDBTools.UtilsTests" runstate="Runnable" seed="105848629" result="Passed" start-time="2026-01-09T19:39:03.8165850Z" end-time="2026-01-09T19:39:03.8168580Z" duration="0.000274" asserts="1" />
        <test-case id="1-1003" name="Select_Query_WithInvalidTableName_ThrowsArgumentException" fullname="TestDBTools.UtilsTests.Select_Query_WithInvalidTableName_ThrowsArgumentException" methodname="Select_Query_WithInvalidTableName_ThrowsArgumentException" classname="TestDBTools.UtilsTests" runstate="Runnable" seed="817445140" result="Passed" start-time="2026-01-09T19:39:03.8168730Z" end-time="2026-01-09T19:39:03.8171190Z" duration="0.000247" asserts="1" />
        <test-case id="1-1002" name="Select_Query_WithoutConditions_GeneratesCorrectQuery" fullname="TestDBTools.UtilsTests.Select_Query_WithoutConditions_GeneratesCorrectQuery" methodname="Select_Query_WithoutConditions_GeneratesCorrectQuery" classname="TestDBTools.UtilsTests" runstate="Runnable" seed="1666437569" result="Passed" start-time="2026-01-09T19:39:03.8174090Z" end-time="2026-01-09T19:39:03.8175730Z" duration="0.000165" asserts="1" />
        <test-case id="1-1014" name="Update_Query_WithInvalidTableName_ThrowsArgumentException" fullname="TestDBTools.UtilsTests.Update_Query_WithInvalidTableName_ThrowsArgumentException" methodname="Update_Query_WithInvalidTableName_ThrowsArgumentException" classname="TestDBTools.UtilsTests" runstate="Runnable" seed="1729842388" result="Passed" start-time="2026-01-09T19:39:03.8175890Z" end-time="2026-01-09T19:39:03.8183330Z" duration="0.000745" asserts="1" />
        <test-case id="1-1019" name="Update_Query_WithNullValue_GeneratesQueryWithNull" fullname="TestDBTools.UtilsTests.Update_Query_WithNullValue_GeneratesQueryWithNull" methodname="Update_Query_WithNullValue_GeneratesQueryWithNull" classname="TestDBTools.UtilsTests" runstate="Runnable" seed="1423523730" result="Passed" start-time="2026-01-09T19:39:03.8183490Z" end-time="2026-01-09T19:39:03.8185260Z" duration="0.000177" asserts="1" />
        <test-case id="1-1013" name="Update_Query_WithoutCondition_ThrowsArgumentException" fullname="TestDBTools.UtilsTests.Update_Query_WithoutCondition_ThrowsArgumentException" methodname="Update_Query_WithoutCondition_ThrowsArgumentException" classname="TestDBTools.UtilsTests" runstate="Runnable" seed="1786679651" result="Passed" start-time="2026-01-09T19:39:03.8185410Z" end-time="2026-01-09T19:39:03.8188400Z" duration="0.000299" asserts="1" />
        <test-case id="1-1012" name="Update_Query_WithValidData_GeneratesCorrectQuery" fullname="TestDBTools.UtilsTests.Update_Query_WithValidData_GeneratesCorrectQuery" methodname="Update_Query_WithValidData_GeneratesCorrectQuery" classname="TestDBTools.UtilsTests" runstate="Runnable" seed="1138473340" result="Passed" start-time="2026-01-09T19:39:03.8188540Z" end-time="2026-01-09T19:39:03.8192260Z" duration="0.000372" asserts="6" />
      </test-suite>
    </test-suite>
  </test-suite>
</test-run>